[debug] [2022-03-18T22:53:27.248Z] ----------------------------------------------------------------------
[debug] [2022-03-18T22:53:27.251Z] Command:       /usr/bin/node /usr/bin/firebase init hosting
[debug] [2022-03-18T22:53:27.251Z] CLI Version:   10.2.2
[debug] [2022-03-18T22:53:27.252Z] Platform:      linux
[debug] [2022-03-18T22:53:27.252Z] Node Version:  v16.13.2
[debug] [2022-03-18T22:53:27.253Z] Time:          Sat Mar 19 2022 04:23:27 GMT+0530 (India Standard Time)
[debug] [2022-03-18T22:53:27.253Z] ----------------------------------------------------------------------
[debug] 
[debug] [2022-03-18T22:53:27.378Z] > command requires scopes: ["email","openid","https://www.googleapis.com/auth/cloudplatformprojects.readonly","https://www.googleapis.com/auth/firebase","https://www.googleapis.com/auth/cloud-platform"]
[debug] [2022-03-18T22:53:27.379Z] > authorizing via signed-in user (mail.midlajc@gmail.com)
[info] 
     ######## #### ########  ######## ########     ###     ######  ########
     ##        ##  ##     ## ##       ##     ##  ##   ##  ##       ##
     ######    ##  ########  ######   ########  #########  ######  ######
     ##        ##  ##    ##  ##       ##     ## ##     ##       ## ##
     ##       #### ##     ## ######## ########  ##     ##  ######  ########

You're about to initialize a Firebase project in this directory:

  /home/midlajc/workspace/project/project-front-end

Before we get started, keep in mind:

  * You are initializing within an existing Firebase project directory

[info] 
=== Project Setup
[info] 
[info] First, let's associate this project directory with a Firebase project.
[info] You can create multiple project aliases by running firebase use --add, 
[info] but for now we'll just set up a default project.
[info] 
[debug] [2022-03-18T22:53:27.386Z] Using project from CLI flag: project-midlajc
[debug] [2022-03-18T22:53:27.390Z] >>> [apiv2][query] GET https://firebase.googleapis.com/v1beta1/projects/project-midlajc [none]
[debug] [2022-03-18T22:53:28.461Z] <<< [apiv2][status] GET https://firebase.googleapis.com/v1beta1/projects/project-midlajc 200
[debug] [2022-03-18T22:53:28.462Z] <<< [apiv2][body] GET https://firebase.googleapis.com/v1beta1/projects/project-midlajc {"projectId":"project-midlajc","projectNumber":"860530575211","displayName":"project","name":"projects/project-midlajc","resources":{"hostingSite":"project-midlajc"},"state":"ACTIVE"}
[info] i  Using project project-midlajc (project) 
[info] 
=== Hosting Setup
[info] 
[info] Your public directory is the folder (relative to your project directory) that
[info] will contain Hosting assets to be uploaded with firebase deploy. If you
[info] have a build process for your assets, use your build's output directory.
[info] 
